{
  "stats": {
    "suites": 1,
    "tests": 1,
    "passes": 1,
    "pending": 0,
    "failures": 0,
    "start": "2021-07-05T16:07:25.539Z",
    "end": "2021-07-05T16:07:48.266Z",
    "duration": 22727,
    "testsRegistered": 1,
    "passPercent": 100,
    "pendingPercent": 0,
    "other": 0,
    "hasOther": false,
    "skipped": 0,
    "hasSkipped": false
  },
  "results": [
    {
      "uuid": "70008abe-1ed4-41d2-b7d6-272add41b282",
      "title": "",
      "fullFile": "cypress/integration/novoUsuario.spec.js",
      "file": "cypress/integration/novoUsuario.spec.js",
      "beforeHooks": [],
      "afterHooks": [],
      "tests": [],
      "suites": [
        {
          "uuid": "9de234b3-99cd-46d8-aa08-eb4d47f950ac",
          "title": "Fluxo de Cadastro para um novo usuário",
          "fullFile": "",
          "file": "",
          "beforeHooks": [],
          "afterHooks": [],
          "tests": [
            {
              "title": "Cadastrar um novo usuário",
              "fullTitle": "Fluxo de Cadastro para um novo usuário Cadastrar um novo usuário",
              "timedOut": null,
              "duration": 22649,
              "state": "passed",
              "speed": "slow",
              "pass": true,
              "fail": false,
              "pending": false,
              "context": null,
              "code": "cy.get('a.login').click();\ncy.get('#email_create').type(chance.email({\n  domain: \"agilizei.com\"\n}));\ncy.get('#SubmitCreate').click();\ncy.wait('@index');\ncy.get('#id_gender1').check();\ncy.get('#firstname').type('@valor');\ncy.get('#customer_firstname').type(chance.first({\n  gender: \"male\"\n})).invoke('val').as('primeiroNome');\ncy.get('#lastname').type('@ultimoNome');\ncy.get('#customer_lastname').type(chance.last({\n  gender: \"male\"\n})).invoke('val').as('ultimoNome');\ncy.get('#passwd').type(chance.string({\n  length: 5,\n  casing: 'upper',\n  alpha: true,\n  numeric: true\n}), {\n  log: false\n});\ncy.get('select#days').select('18');\ncy.get('#months').select('2');\ncy.get('#years').select('1992');\ncy.get('#newsletter').check();\ncy.get('#optin').check();\ncy.get('#company').type(chance.company());\ncy.get('#address1').type(chance.address({\n  short_suffix: true\n}));\ncy.get('#address2').type(chance.address());\ncy.get('#city').type(chance.city());\ncy.get('#postcode').type(chance.zip());\ncy.get('select#id_country').select('21');\ncy.get('select#id_state').select('4');\ncy.get('#other').type(chance.sentence({\n  words: 5\n}));\ncy.get('#phone').type(chance.phone({\n  formatted: false,\n  country: 'us'\n}));\ncy.get('#phone_mobile').type(chance.phone({\n  country: 'us',\n  mobile: true\n}));\ncy.get('#alias').type('{selectAll}{backspace}').type(chance.email({\n  domain: \"bootcampt6.com\"\n}));\ncy.get('#submitAccount').click();\ncy.url().should('contain', 'my-account');\ncy.get('.info-account').should('contain', 'Welcome to your account');",
              "err": {},
              "uuid": "07e269c8-d329-4b78-9917-cf6c19eb9e5a",
              "parentUUID": "9de234b3-99cd-46d8-aa08-eb4d47f950ac",
              "isHook": false,
              "skipped": false
            }
          ],
          "suites": [],
          "passes": [
            "07e269c8-d329-4b78-9917-cf6c19eb9e5a"
          ],
          "failures": [],
          "pending": [],
          "skipped": [],
          "duration": 22649,
          "root": false,
          "rootEmpty": false,
          "_timeout": 2000
        }
      ],
      "passes": [],
      "failures": [],
      "pending": [],
      "skipped": [],
      "duration": 0,
      "root": true,
      "rootEmpty": true,
      "_timeout": 2000
    }
  ],
  "meta": {
    "mocha": {
      "version": "7.0.1"
    },
    "mochawesome": {
      "options": {
        "quiet": true,
        "reportFilename": "mochawesome",
        "saveHtml": false,
        "saveJson": true,
        "consoleReporter": "spec",
        "useInlineDiffs": false,
        "code": true
      },
      "version": "6.2.2"
    },
    "marge": {
      "options": {
        "id": "default",
        "reportDir": "mochawesome-report",
        "quiet": true,
        "overwrite": false,
        "html": false,
        "json": true
      },
      "version": "5.2.0"
    }
  }
}